<?xml version="1.0" encoding="UTF-8"?>
<!-- Generated by org.testng.reporters.JUnitReportReporter -->
<testsuite hostname="DESKTOP-BL7EAIO" failures="0" tests="1" name="com.Testng_sinpleannotation.Simpleannotations" time="19.278" errors="0" timestamp="2022-09-19T13:27:06 IST" skipped="0">
  <testcase classname="com.Testng_sinpleannotation.Simpleannotations" name="hotelSearch" time="19.278"/>
  <system-out/>
</testsuite> <!-- com.Testng_sinpleannotation.Simpleannotations -->
